<?xml version="1.0" encoding="UTF-8"?>
<testng-results ignored="0" total="1" passed="1" failed="0" skipped="0">
  <reporter-output>
  </reporter-output>
  <suite started-at="2023-03-17T12:23:49 IST" name="Default suite" finished-at="2023-03-17T12:24:11 IST" duration-ms="21634">
    <groups>
    </groups>
    <test started-at="2023-03-17T12:23:49 IST" name="Default test" finished-at="2023-03-17T12:24:11 IST" duration-ms="21634">
      <class name="selenium1.JavaScriptExecutorDemo">
        <test-method signature="loginMethod()[pri:0, instance:selenium1.JavaScriptExecutorDemo@2ed2d9cb]" started-at="2023-03-17T12:23:49 IST" name="loginMethod" finished-at="2023-03-17T12:24:11 IST" duration-ms="21541" status="PASS">
          <reporter-output>
          </reporter-output>
        </test-method> <!-- loginMethod -->
      </class> <!-- selenium1.JavaScriptExecutorDemo -->
    </test> <!-- Default test -->
  </suite> <!-- Default suite -->
</testng-results>
