<?xml version="1.0" encoding="UTF-8"?>
<!-- Generated by org.testng.reporters.JUnitXMLReporter -->
<testsuite ignored="2" hostname="DESKTOP-57N6IEL" failures="0" tests="1" name="Test1" time="0.085" errors="0" timestamp="2023-01-31T09:58:21 IST">
  <testcase classname="testNg.ParameterAnnotationExample" name="method1" time="0.011"/>
  <testcase classname="testNg.ParameterAnnotationExample" name="method3" time="0.0">
    <ignored/>
  </testcase> <!-- method3 -->
  <testcase classname="testNg.ParameterAnnotationExample" name="method2" time="0.0">
    <ignored/>
  </testcase> <!-- method2 -->
</testsuite> <!-- Test1 -->
