<?xml version="1.0" encoding="UTF-8"?>
<!-- Generated by org.testng.reporters.JUnitXMLReporter -->
<testsuite ignored="2" hostname="DESKTOP-57N6IEL" failures="0" tests="1" name="Test3" time="0.012" errors="0" timestamp="2023-01-31T09:58:21 IST">
  <testcase classname="testNg.ParameterAnnotationExample" name="method3" time="0.005"/>
  <testcase classname="testNg.ParameterAnnotationExample" name="method1" time="0.0">
    <ignored/>
  </testcase> <!-- method1 -->
  <testcase classname="testNg.ParameterAnnotationExample" name="method2" time="0.0">
    <ignored/>
  </testcase> <!-- method2 -->
</testsuite> <!-- Test3 -->
